iverilog -o small.vvp small.v small_tb.v
vvp small.vvp




Uniform
111111111100100111101110110101100100100010010011111001001000110010100011100001101111111111000001111100111011111011010100011000100101000101010001011101011101111110011
001110001001011011001101000011110000101111100000110110010001011010011001100010000010000000111110001011101011000110010100110011000101010110100001010001101101100001010
010100001111111100001000010010110100101101001110000110101111011010011011111110111010111101000010111101101100111011011101110001000000101011100010101111001111000100001
110101001111011011110011100011010011101111010110110101111100000000000110110010101000000001010100101000110000011100001101100101000001001010000100101011101010010111100
111011111110000110001101011110100000110111101110011101110111001000011111000010111111011001110101111111110011011010111010001111101000001110011011110110010111101111110
100100001111110011101110101111001011101001111101101001110011110001000111010001100011001111111010101000101111001101111010011110110011010101001101001111000100110000101
001110101010010001010111010101000100110110000000101100110111111100010111101101101110110101010111000000101011101001001110101001000101011100111101011000000101011010110
101011001010001101100101001110111001111011011100100000110111011001011101000001101010001110010001111011010011011100101011111010110010111011111010001000110111100011111
001111111111010000101001000101010111000001010011100111001110111000111001011011010110011110001101101001001011111101010000001001010110110011100000000010100011101111001

Oscillating
100000001010101010101011000111111100000010110011010100101011000100101000100100111001111110000110111011111100110101001111000111011111101110101001111111011100110010110
011000001111001011100101110111010011011110100110110100001010000110110110101010111010101111011110000101000100100010101111010111001101011000010110000100111010011011001


Uniform Input & Variable Key
Uniform -  100010000100001001000110000100110010011011101101010100001000101100111111110100110100010011010000011100110011110010101110001101111000101000101011001111101100101111100
Uniform -  1000100001000010010001100001001100100110011111100100011010110001001011011010111001010000111000101010100001010111110110110110111010110011100000011001100111100110011010
Uniform -  1000100001000010010001100001001100100110000110011001111101011110001110011011111001101111111011111111011011101011101101010010001001101111010110011111011001100110010010
Variable - 1000100001000010010001100001001100100100111110111101011010000101111011011110100110000110001000000110110100001100000010001100101100011010111010001101110100101101000011
